<?xml version="1.0" encoding="UTF-8"?>
<testng-results ignored="0" total="1" passed="1" failed="0" skipped="0">
  <reporter-output>
  </reporter-output>
  <suite started-at="2025-03-18T20:05:47 IST" name="Default suite" finished-at="2025-03-18T20:05:52 IST" duration-ms="4413">
    <groups>
    </groups>
    <test started-at="2025-03-18T20:05:47 IST" name="Default test" finished-at="2025-03-18T20:05:52 IST" duration-ms="4413">
      <class name="Schoolshopper.login">
        <test-method signature="login()[pri:0, instance:Schoolshopper.login@192c3f1e]" started-at="2025-03-18T20:05:47 IST" name="login" finished-at="2025-03-18T20:05:52 IST" duration-ms="4318" status="PASS">
          <reporter-output>
          </reporter-output>
        </test-method> <!-- login -->
      </class> <!-- Schoolshopper.login -->
    </test> <!-- Default test -->
  </suite> <!-- Default suite -->
</testng-results>
